<?xml version="1.0" encoding="UTF-8"?>
<!-- Generated by org.testng.reporters.JUnitReportReporter -->
<testsuite hostname="HMECL000895" failures="0" tests="11" name="com.test.PaymentService" time="22.112" errors="0" timestamp="16 May 2019 12:47:05 GMT" skipped="0">
  <testcase classname="com.test.PaymentService" name="verifythepaymentservice" time="4.340"/>
  <testcase classname="com.test.PaymentService" name="verifyNoofPlansreceived" time="2.909"/>
  <testcase classname="com.test.PaymentService" name="verifythepaymentserviceforthebillpayid" time="0.594"/>
  <testcase classname="com.test.PaymentService" name="verifythepaymentservicefortheInvalidbillpayid" time="0.615"/>
  <testcase classname="com.test.PaymentService" name="createsaleTransaction_OldCustomer_NewCreaditcardRegistration" time="1.521"/>
  <testcase classname="com.test.PaymentService" name="updateBPRequest" time="0.674"/>
  <testcase classname="com.test.PaymentService" name="createsaleTransaction_NewCustomer_NewCreaditcardRegistration" time="2.036"/>
  <testcase classname="com.test.PaymentService" name="createsaleTransactionforsubscriptionwithpaymentmethod" time="2.838"/>
  <testcase classname="com.test.PaymentService" name="createsaleTransactionforsimpleproductwithpaymentmethod" time="2.181"/>
  <testcase classname="com.test.PaymentService" name="createnewsubscriptionTransactionwithnewcustomerandcreditcard" time="1.464"/>
  <testcase classname="com.test.PaymentService" name="updateTransaction" time="2.940"/>
</testsuite> <!-- com.test.PaymentService -->
