<?xml version="1.0" encoding="UTF-8"?>
<!-- Generated by org.testng.reporters.JUnitReportReporter -->
<testsuite hostname="HMECL000895" failures="0" tests="13" name="com.test.subscriptionManagementSystem" time="19.092" errors="0" timestamp="16 May 2019 05:53:18 GMT" skipped="0">
  <testcase classname="com.test.subscriptionManagementSystem" name="verifyCreateSubscription" time="4.024"/>
  <testcase classname="com.test.subscriptionManagementSystem" name="verifyCreateSubscriptionwithoutSKU" time="0.543"/>
  <testcase classname="com.test.subscriptionManagementSystem" name="getCatlogSubscriptionDetails" time="1.977"/>
  <testcase classname="com.test.subscriptionManagementSystem" name="updateCatlogSubscriptionDetails" time="2.819"/>
  <testcase classname="com.test.subscriptionManagementSystem" name="CreatePackageListAndVerifyUniqueIdentifier" time="1.206"/>
  <testcase classname="com.test.subscriptionManagementSystem" name="VerifyTypeMagazineAndNonMagazine" time="0.635"/>
  <testcase classname="com.test.subscriptionManagementSystem" name="CreateUserSubcription" time="0.672"/>
  <testcase classname="com.test.subscriptionManagementSystem" name="VerifygetPackageList" time="0.747"/>
  <testcase classname="com.test.subscriptionManagementSystem" name="VerifyUpdatePackageList" time="0.613"/>
  <testcase classname="com.test.subscriptionManagementSystem" name="getUserSubcription" time="1.396"/>
  <testcase classname="com.test.subscriptionManagementSystem" name="updateUserSubcription" time="1.574"/>
  <testcase classname="com.test.subscriptionManagementSystem" name="patchimmediateBillingPlanChange" time="1.633"/>
  <testcase classname="com.test.subscriptionManagementSystem" name="cancelUserSubscription" time="1.253"/>
</testsuite> <!-- com.test.subscriptionManagementSystem -->
